<?xml version="1.0" encoding="UTF-8"?>
<Site BuildName="(empty)"
	BuildStamp="20241022-1226-Experimental"
	Name="(empty)"
	Generator="ctest-3.28.2"
	CompilerName=""
	CompilerVersion=""
	OSName="Linux"
	Hostname="bugwriter"
	OSRelease="6.10.12-200.fc40.x86_64"
	OSVersion="#1 SMP PREEMPT_DYNAMIC Mon Sep 30 21:38:25 UTC 2024"
	OSPlatform="x86_64"
	Is64Bits="1"
	VendorString="AuthenticAMD"
	VendorID="Advanced Micro Devices"
	FamilyID="25"
	ModelID="80"
	ProcessorCacheSize="512"
	NumberOfLogicalCPU="16"
	NumberOfPhysicalCPU="8"
	TotalVirtualMemory="8191"
	TotalPhysicalMemory="15379"
	LogicalProcessorsPerPhysical="2"
	ProcessorClockFrequency="3850.8"
	>
	<Testing>
		<StartDateTime>Oct 22 19:28 +07</StartDateTime>
		<StartTestTime>1729600084</StartTestTime>
		<TestList/>
		<EndDateTime>Oct 22 19:28 +07</EndDateTime>
		<EndTestTime>1729600084</EndTestTime>
		<ElapsedMinutes>0</ElapsedMinutes>
	</Testing>
</Site>
